<?xml version="1.0" encoding="UTF-8"?>
<testng-results skipped="0" failed="0" total="1" passed="1">
  <reporter-output>
  </reporter-output>
  <suite name="Default suite" duration-ms="39339" started-at="2017-11-22T11:09:53Z" finished-at="2017-11-22T11:10:33Z">
    <groups>
      <group name="cucumber">
        <method signature="AbstractTestNGCucumberTests.feature(cucumber.api.testng.CucumberFeatureWrapper)[pri:0, instance:Runner.TestRunner@6fd02e5]" name="feature" class="cucumber.api.testng.AbstractTestNGCucumberTests"/>
      </group> <!-- cucumber -->
    </groups>
    <test name="Default test" duration-ms="39339" started-at="2017-11-22T11:09:53Z" finished-at="2017-11-22T11:10:33Z">
      <class name="Runner.TestRunner">
        <test-method status="PASS" signature="setUpClass()[pri:0, instance:Runner.TestRunner@6fd02e5]" name="setUpClass" is-config="true" duration-ms="137" started-at="2017-11-22T05:09:53Z" finished-at="2017-11-22T05:09:54Z">
          <reporter-output>
          </reporter-output>
        </test-method> <!-- setUpClass -->
        <test-method status="PASS" signature="feature(cucumber.api.testng.CucumberFeatureWrapper)[pri:0, instance:Runner.TestRunner@6fd02e5]" name="feature" duration-ms="38872" started-at="2017-11-22T05:09:54Z" description="Runs Cucumber Feature" data-provider="features" finished-at="2017-11-22T05:10:32Z">
          <params>
            <param index="0">
              <value>
                <![CDATA[Free CRM Login Feature]]>
              </value>
            </param>
          </params>
          <reporter-output>
          </reporter-output>
        </test-method> <!-- feature -->
        <test-method status="PASS" signature="reportSetup()[pri:0, instance:Runner.TestRunner@6fd02e5]" name="reportSetup" is-config="true" duration-ms="9" started-at="2017-11-22T05:10:32Z" finished-at="2017-11-22T05:10:33Z">
          <reporter-output>
          </reporter-output>
        </test-method> <!-- reportSetup -->
        <test-method status="PASS" signature="tearDownClass()[pri:0, instance:Runner.TestRunner@6fd02e5]" name="tearDownClass" is-config="true" duration-ms="262" started-at="2017-11-22T05:10:33Z" finished-at="2017-11-22T05:10:33Z">
          <reporter-output>
          </reporter-output>
        </test-method> <!-- tearDownClass -->
      </class> <!-- Runner.TestRunner -->
    </test> <!-- Default test -->
  </suite> <!-- Default suite -->
</testng-results>
